[2022-10-03 16:41:54,269] INFO Shutting down the log cleaner. (kafka.log.LogCleaner)
[2022-10-03 16:41:54,271] INFO [kafka-log-cleaner-thread-0]: Shutting down (kafka.log.LogCleaner)
[2022-10-03 16:41:54,320] INFO [kafka-log-cleaner-thread-0]: Stopped (kafka.log.LogCleaner)
[2022-10-03 16:41:54,320] INFO [kafka-log-cleaner-thread-0]: Shutdown completed (kafka.log.LogCleaner)
[2022-10-05 09:13:34,658] INFO Starting the log cleaner (kafka.log.LogCleaner)
[2022-10-05 09:13:34,730] INFO [kafka-log-cleaner-thread-0]: Starting (kafka.log.LogCleaner)
[2022-10-05 16:10:51,138] INFO Shutting down the log cleaner. (kafka.log.LogCleaner)
[2022-10-05 16:10:51,139] INFO [kafka-log-cleaner-thread-0]: Shutting down (kafka.log.LogCleaner)
[2022-10-05 16:10:51,140] INFO [kafka-log-cleaner-thread-0]: Stopped (kafka.log.LogCleaner)
[2022-10-05 16:10:51,140] INFO [kafka-log-cleaner-thread-0]: Shutdown completed (kafka.log.LogCleaner)
[2022-10-06 07:40:10,162] INFO Starting the log cleaner (kafka.log.LogCleaner)
[2022-10-06 07:40:10,223] INFO [kafka-log-cleaner-thread-0]: Starting (kafka.log.LogCleaner)
[2022-10-06 07:57:49,456] INFO Starting the log cleaner (kafka.log.LogCleaner)
[2022-10-06 07:57:49,511] INFO [kafka-log-cleaner-thread-0]: Starting (kafka.log.LogCleaner)
[2022-10-06 07:58:54,911] INFO Starting the log cleaner (kafka.log.LogCleaner)
[2022-10-06 07:58:54,967] INFO [kafka-log-cleaner-thread-0]: Starting (kafka.log.LogCleaner)
[2022-10-06 07:59:48,013] INFO Starting the log cleaner (kafka.log.LogCleaner)
[2022-10-06 07:59:48,070] INFO [kafka-log-cleaner-thread-0]: Starting (kafka.log.LogCleaner)
[2022-10-06 08:00:06,441] INFO Starting the log cleaner (kafka.log.LogCleaner)
[2022-10-06 08:00:06,502] INFO [kafka-log-cleaner-thread-0]: Starting (kafka.log.LogCleaner)
[2022-10-06 08:00:07,077] INFO Shutting down the log cleaner. (kafka.log.LogCleaner)
[2022-10-06 08:00:07,078] INFO [kafka-log-cleaner-thread-0]: Shutting down (kafka.log.LogCleaner)
[2022-10-06 08:00:07,080] INFO [kafka-log-cleaner-thread-0]: Stopped (kafka.log.LogCleaner)
[2022-10-06 08:00:07,080] INFO [kafka-log-cleaner-thread-0]: Shutdown completed (kafka.log.LogCleaner)
[2022-10-06 08:00:19,242] INFO Starting the log cleaner (kafka.log.LogCleaner)
[2022-10-06 08:00:19,301] INFO [kafka-log-cleaner-thread-0]: Starting (kafka.log.LogCleaner)
[2022-10-06 08:01:28,529] INFO Starting the log cleaner (kafka.log.LogCleaner)
[2022-10-06 08:01:28,587] INFO [kafka-log-cleaner-thread-0]: Starting (kafka.log.LogCleaner)
[2022-10-06 08:39:51,399] INFO Shutting down the log cleaner. (kafka.log.LogCleaner)
[2022-10-06 08:39:51,399] INFO [kafka-log-cleaner-thread-0]: Shutting down (kafka.log.LogCleaner)
[2022-10-06 08:39:51,399] INFO [kafka-log-cleaner-thread-0]: Stopped (kafka.log.LogCleaner)
[2022-10-06 08:39:51,399] INFO [kafka-log-cleaner-thread-0]: Shutdown completed (kafka.log.LogCleaner)
[2022-10-06 08:40:19,743] INFO Starting the log cleaner (kafka.log.LogCleaner)
[2022-10-06 08:40:19,804] INFO [kafka-log-cleaner-thread-0]: Starting (kafka.log.LogCleaner)
[2022-10-06 08:54:07,558] INFO Shutting down the log cleaner. (kafka.log.LogCleaner)
[2022-10-06 08:54:07,558] INFO [kafka-log-cleaner-thread-0]: Shutting down (kafka.log.LogCleaner)
[2022-10-06 08:54:07,559] INFO [kafka-log-cleaner-thread-0]: Stopped (kafka.log.LogCleaner)
[2022-10-06 08:54:07,559] INFO [kafka-log-cleaner-thread-0]: Shutdown completed (kafka.log.LogCleaner)
[2022-10-06 08:54:31,751] INFO Starting the log cleaner (kafka.log.LogCleaner)
[2022-10-06 08:54:31,816] INFO [kafka-log-cleaner-thread-0]: Starting (kafka.log.LogCleaner)
[2022-10-06 09:05:59,419] INFO Shutting down the log cleaner. (kafka.log.LogCleaner)
[2022-10-06 09:05:59,421] INFO [kafka-log-cleaner-thread-0]: Shutting down (kafka.log.LogCleaner)
[2022-10-06 09:05:59,421] INFO [kafka-log-cleaner-thread-0]: Stopped (kafka.log.LogCleaner)
[2022-10-06 09:05:59,421] INFO [kafka-log-cleaner-thread-0]: Shutdown completed (kafka.log.LogCleaner)
[2022-10-06 09:06:17,737] INFO Starting the log cleaner (kafka.log.LogCleaner)
[2022-10-06 09:06:17,828] INFO [kafka-log-cleaner-thread-0]: Starting (kafka.log.LogCleaner)
[2022-10-06 09:17:41,903] INFO Shutting down the log cleaner. (kafka.log.LogCleaner)
[2022-10-06 09:17:41,903] INFO [kafka-log-cleaner-thread-0]: Shutting down (kafka.log.LogCleaner)
[2022-10-06 09:17:41,904] INFO [kafka-log-cleaner-thread-0]: Stopped (kafka.log.LogCleaner)
[2022-10-06 09:17:41,904] INFO [kafka-log-cleaner-thread-0]: Shutdown completed (kafka.log.LogCleaner)
[2022-10-06 09:18:06,684] INFO Starting the log cleaner (kafka.log.LogCleaner)
[2022-10-06 09:18:06,754] INFO [kafka-log-cleaner-thread-0]: Starting (kafka.log.LogCleaner)
[2022-10-06 12:08:44,075] INFO Shutting down the log cleaner. (kafka.log.LogCleaner)
[2022-10-06 12:08:44,078] INFO [kafka-log-cleaner-thread-0]: Shutting down (kafka.log.LogCleaner)
[2022-10-06 12:08:44,079] INFO [kafka-log-cleaner-thread-0]: Stopped (kafka.log.LogCleaner)
[2022-10-06 12:08:44,079] INFO [kafka-log-cleaner-thread-0]: Shutdown completed (kafka.log.LogCleaner)
[2022-10-07 07:42:37,216] INFO Starting the log cleaner (kafka.log.LogCleaner)
[2022-10-07 07:42:37,282] INFO [kafka-log-cleaner-thread-0]: Starting (kafka.log.LogCleaner)
[2022-10-10 07:47:30,522] INFO Starting the log cleaner (kafka.log.LogCleaner)
[2022-10-10 07:47:30,595] INFO [kafka-log-cleaner-thread-0]: Starting (kafka.log.LogCleaner)
[2022-10-11 11:53:00,419] INFO Starting the log cleaner (kafka.log.LogCleaner)
[2022-10-11 11:53:00,509] INFO [kafka-log-cleaner-thread-0]: Starting (kafka.log.LogCleaner)
[2022-10-11 11:53:01,309] INFO Shutting down the log cleaner. (kafka.log.LogCleaner)
[2022-10-11 11:53:01,309] INFO [kafka-log-cleaner-thread-0]: Shutting down (kafka.log.LogCleaner)
[2022-10-11 11:53:01,311] INFO [kafka-log-cleaner-thread-0]: Stopped (kafka.log.LogCleaner)
[2022-10-11 11:53:01,311] INFO [kafka-log-cleaner-thread-0]: Shutdown completed (kafka.log.LogCleaner)
[2022-10-11 14:58:49,360] INFO Starting the log cleaner (kafka.log.LogCleaner)
[2022-10-11 14:58:49,486] INFO [kafka-log-cleaner-thread-0]: Starting (kafka.log.LogCleaner)
[2022-10-11 16:11:28,772] INFO Shutting down the log cleaner. (kafka.log.LogCleaner)
[2022-10-11 16:11:28,773] INFO [kafka-log-cleaner-thread-0]: Shutting down (kafka.log.LogCleaner)
[2022-10-11 16:11:28,773] INFO [kafka-log-cleaner-thread-0]: Stopped (kafka.log.LogCleaner)
[2022-10-11 16:11:28,773] INFO [kafka-log-cleaner-thread-0]: Shutdown completed (kafka.log.LogCleaner)
[2022-10-12 07:35:22,431] INFO Starting the log cleaner (kafka.log.LogCleaner)
[2022-10-12 07:35:22,510] INFO [kafka-log-cleaner-thread-0]: Starting (kafka.log.LogCleaner)
[2022-10-12 13:51:03,180] INFO Shutting down the log cleaner. (kafka.log.LogCleaner)
[2022-10-12 13:51:03,182] INFO [kafka-log-cleaner-thread-0]: Shutting down (kafka.log.LogCleaner)
[2022-10-12 13:51:03,183] INFO [kafka-log-cleaner-thread-0]: Stopped (kafka.log.LogCleaner)
[2022-10-12 13:51:03,183] INFO [kafka-log-cleaner-thread-0]: Shutdown completed (kafka.log.LogCleaner)
[2022-10-12 13:51:40,109] INFO Starting the log cleaner (kafka.log.LogCleaner)
[2022-10-12 13:51:40,203] INFO [kafka-log-cleaner-thread-0]: Starting (kafka.log.LogCleaner)
[2022-10-12 13:53:07,258] INFO Shutting down the log cleaner. (kafka.log.LogCleaner)
[2022-10-12 13:53:07,258] INFO [kafka-log-cleaner-thread-0]: Shutting down (kafka.log.LogCleaner)
[2022-10-12 13:53:07,259] INFO [kafka-log-cleaner-thread-0]: Stopped (kafka.log.LogCleaner)
[2022-10-12 13:53:07,259] INFO [kafka-log-cleaner-thread-0]: Shutdown completed (kafka.log.LogCleaner)
