[2022-10-06 14:08:17,106] INFO Starting the log cleaner (kafka.log.LogCleaner)
[2022-10-06 14:08:17,192] INFO [kafka-log-cleaner-thread-0]: Starting (kafka.log.LogCleaner)
[2022-10-06 14:09:43,336] INFO Shutting down the log cleaner. (kafka.log.LogCleaner)
[2022-10-06 14:09:43,337] INFO [kafka-log-cleaner-thread-0]: Shutting down (kafka.log.LogCleaner)
[2022-10-06 14:09:43,337] INFO [kafka-log-cleaner-thread-0]: Stopped (kafka.log.LogCleaner)
[2022-10-06 14:09:43,337] INFO [kafka-log-cleaner-thread-0]: Shutdown completed (kafka.log.LogCleaner)
[2022-10-06 14:09:55,083] INFO Starting the log cleaner (kafka.log.LogCleaner)
[2022-10-06 14:09:55,147] INFO [kafka-log-cleaner-thread-0]: Starting (kafka.log.LogCleaner)
[2022-10-06 14:11:19,575] INFO Shutting down the log cleaner. (kafka.log.LogCleaner)
[2022-10-06 14:11:19,576] INFO [kafka-log-cleaner-thread-0]: Shutting down (kafka.log.LogCleaner)
[2022-10-06 14:11:19,576] INFO [kafka-log-cleaner-thread-0]: Stopped (kafka.log.LogCleaner)
[2022-10-06 14:11:19,576] INFO [kafka-log-cleaner-thread-0]: Shutdown completed (kafka.log.LogCleaner)
[2022-10-06 14:58:08,807] INFO Starting the log cleaner (kafka.log.LogCleaner)
[2022-10-06 14:58:08,867] INFO [kafka-log-cleaner-thread-0]: Starting (kafka.log.LogCleaner)
[2022-10-06 15:21:35,280] INFO Shutting down the log cleaner. (kafka.log.LogCleaner)
[2022-10-06 15:21:35,282] INFO [kafka-log-cleaner-thread-0]: Shutting down (kafka.log.LogCleaner)
[2022-10-06 15:21:35,282] INFO [kafka-log-cleaner-thread-0]: Stopped (kafka.log.LogCleaner)
[2022-10-06 15:21:35,282] INFO [kafka-log-cleaner-thread-0]: Shutdown completed (kafka.log.LogCleaner)
[2022-10-06 15:21:55,034] INFO Starting the log cleaner (kafka.log.LogCleaner)
[2022-10-06 15:21:55,119] INFO [kafka-log-cleaner-thread-0]: Starting (kafka.log.LogCleaner)
[2022-10-06 17:37:13,351] INFO Shutting down the log cleaner. (kafka.log.LogCleaner)
[2022-10-06 17:37:13,353] INFO [kafka-log-cleaner-thread-0]: Shutting down (kafka.log.LogCleaner)
[2022-10-06 17:37:13,354] INFO [kafka-log-cleaner-thread-0]: Stopped (kafka.log.LogCleaner)
[2022-10-06 17:37:13,354] INFO [kafka-log-cleaner-thread-0]: Shutdown completed (kafka.log.LogCleaner)
[2022-10-12 14:16:21,055] INFO Starting the log cleaner (kafka.log.LogCleaner)
[2022-10-12 14:16:21,133] INFO [kafka-log-cleaner-thread-0]: Starting (kafka.log.LogCleaner)
[2022-10-12 16:12:28,959] INFO Shutting down the log cleaner. (kafka.log.LogCleaner)
[2022-10-12 16:12:28,960] INFO [kafka-log-cleaner-thread-0]: Shutting down (kafka.log.LogCleaner)
[2022-10-12 16:12:28,960] INFO [kafka-log-cleaner-thread-0]: Stopped (kafka.log.LogCleaner)
[2022-10-12 16:12:28,960] INFO [kafka-log-cleaner-thread-0]: Shutdown completed (kafka.log.LogCleaner)
[2022-10-13 07:49:56,206] INFO Starting the log cleaner (kafka.log.LogCleaner)
[2022-10-13 07:49:56,269] INFO [kafka-log-cleaner-thread-0]: Starting (kafka.log.LogCleaner)
[2022-10-13 19:05:22,107] INFO Shutting down the log cleaner. (kafka.log.LogCleaner)
[2022-10-13 19:05:22,108] INFO [kafka-log-cleaner-thread-0]: Shutting down (kafka.log.LogCleaner)
[2022-10-13 19:05:22,109] INFO [kafka-log-cleaner-thread-0]: Stopped (kafka.log.LogCleaner)
[2022-10-13 19:05:22,109] INFO [kafka-log-cleaner-thread-0]: Shutdown completed (kafka.log.LogCleaner)
[2022-10-14 08:42:52,796] INFO Starting the log cleaner (kafka.log.LogCleaner)
[2022-10-14 08:42:52,865] INFO [kafka-log-cleaner-thread-0]: Starting (kafka.log.LogCleaner)
[2022-10-14 09:30:13,088] INFO Shutting down the log cleaner. (kafka.log.LogCleaner)
[2022-10-14 09:30:13,089] INFO [kafka-log-cleaner-thread-0]: Shutting down (kafka.log.LogCleaner)
[2022-10-14 09:30:13,089] INFO [kafka-log-cleaner-thread-0]: Stopped (kafka.log.LogCleaner)
[2022-10-14 09:30:13,089] INFO [kafka-log-cleaner-thread-0]: Shutdown completed (kafka.log.LogCleaner)
[2022-10-14 09:30:29,016] INFO Starting the log cleaner (kafka.log.LogCleaner)
[2022-10-14 09:30:29,095] INFO [kafka-log-cleaner-thread-0]: Starting (kafka.log.LogCleaner)
[2022-10-14 09:33:46,133] INFO Shutting down the log cleaner. (kafka.log.LogCleaner)
[2022-10-14 09:33:46,133] INFO [kafka-log-cleaner-thread-0]: Shutting down (kafka.log.LogCleaner)
[2022-10-14 09:33:46,134] INFO [kafka-log-cleaner-thread-0]: Stopped (kafka.log.LogCleaner)
[2022-10-14 09:33:46,134] INFO [kafka-log-cleaner-thread-0]: Shutdown completed (kafka.log.LogCleaner)
