[2022-09-23 10:23:24,127] INFO Shutting down the log cleaner. (kafka.log.LogCleaner)
[2022-09-23 10:23:24,129] INFO [kafka-log-cleaner-thread-0]: Shutting down (kafka.log.LogCleaner)
[2022-09-23 10:23:24,129] INFO [kafka-log-cleaner-thread-0]: Stopped (kafka.log.LogCleaner)
[2022-09-23 10:23:24,129] INFO [kafka-log-cleaner-thread-0]: Shutdown completed (kafka.log.LogCleaner)
[2022-11-16 08:32:18,134] INFO Starting the log cleaner (kafka.log.LogCleaner)
[2022-11-16 08:32:18,257] INFO [kafka-log-cleaner-thread-0]: Starting (kafka.log.LogCleaner)
[2022-11-16 08:32:19,510] INFO Shutting down the log cleaner. (kafka.log.LogCleaner)
[2022-11-16 08:32:19,511] INFO [kafka-log-cleaner-thread-0]: Shutting down (kafka.log.LogCleaner)
[2022-11-16 08:32:19,514] INFO [kafka-log-cleaner-thread-0]: Stopped (kafka.log.LogCleaner)
[2022-11-16 08:32:19,514] INFO [kafka-log-cleaner-thread-0]: Shutdown completed (kafka.log.LogCleaner)
[2022-11-16 08:33:48,818] INFO Starting the log cleaner (kafka.log.LogCleaner)
[2022-11-16 08:33:48,892] INFO [kafka-log-cleaner-thread-0]: Starting (kafka.log.LogCleaner)
[2022-11-16 08:34:38,616] INFO Starting the log cleaner (kafka.log.LogCleaner)
[2022-11-16 08:34:38,690] INFO [kafka-log-cleaner-thread-0]: Starting (kafka.log.LogCleaner)
[2022-11-16 08:35:38,757] INFO Cleaner 0: Beginning cleaning of log __consumer_offsets-7 (kafka.log.LogCleaner)
[2022-11-16 08:35:38,758] INFO Cleaner 0: Building offset map for __consumer_offsets-7... (kafka.log.LogCleaner)
[2022-11-16 08:35:38,777] INFO Cleaner 0: Building offset map for log __consumer_offsets-7 for 1 segments in offset range [0, 43). (kafka.log.LogCleaner)
[2022-11-16 08:35:38,787] INFO Cleaner 0: Offset map for log __consumer_offsets-7 complete. (kafka.log.LogCleaner)
[2022-11-16 08:35:38,788] INFO Cleaner 0: Cleaning log __consumer_offsets-7 (cleaning prior to Fri Sep 23 08:00:01 COT 2022, discarding tombstones prior to upper bound deletion horizon Wed Dec 31 19:00:00 COT 1969)... (kafka.log.LogCleaner)
[2022-11-16 08:35:38,791] INFO Cleaner 0: Cleaning LogSegment(baseOffset=0, size=8983, lastModifiedTime=1663938001534, largestRecordTimestamp=Some(1663938001533)) in log __consumer_offsets-7 into 0 with an upper bound deletion horizon 0 computed from the segment last modified time of 1663938001534,retaining deletes. (kafka.log.LogCleaner)
[2022-11-16 08:35:38,819] INFO Cleaner 0: Swapping in cleaned segment LogSegment(baseOffset=0, size=1834, lastModifiedTime=1663938001534, largestRecordTimestamp=Some(1663938001533)) for segment(s) List(LogSegment(baseOffset=0, size=8983, lastModifiedTime=1663938001534, largestRecordTimestamp=Some(1663938001533))) in log Log(dir=C:\kafka\kafkaPatron2\bin\windows\kafkakafkabroker1\__consumer_offsets-7, topicId=oimQ6k3qQHSxXwUkKG7NlQ, topic=__consumer_offsets, partition=7, highWatermark=44, lastStableOffset=44, logStartOffset=0, logEndOffset=44) (kafka.log.LogCleaner)
[2022-11-16 08:35:38,843] INFO Cleaner 0: Beginning cleaning of log __consumer_offsets-7 (kafka.log.LogCleaner)
[2022-11-16 08:35:38,843] INFO Cleaner 0: Building offset map for __consumer_offsets-7... (kafka.log.LogCleaner)
[2022-11-16 08:59:12,698] INFO Starting the log cleaner (kafka.log.LogCleaner)
[2022-11-16 08:59:12,769] INFO [kafka-log-cleaner-thread-0]: Starting (kafka.log.LogCleaner)
[2022-11-16 08:59:27,815] INFO Cleaner 0: Beginning cleaning of log __consumer_offsets-7 (kafka.log.LogCleaner)
[2022-11-16 08:59:27,816] INFO Cleaner 0: Building offset map for __consumer_offsets-7... (kafka.log.LogCleaner)
[2022-11-16 08:59:27,841] INFO Cleaner 0: Building offset map for log __consumer_offsets-7 for 1 segments in offset range [0, 43). (kafka.log.LogCleaner)
[2022-11-16 08:59:27,861] INFO Cleaner 0: Offset map for log __consumer_offsets-7 complete. (kafka.log.LogCleaner)
[2022-11-16 08:59:27,863] INFO Cleaner 0: Cleaning log __consumer_offsets-7 (cleaning prior to Fri Sep 23 08:00:01 COT 2022, discarding tombstones prior to upper bound deletion horizon Wed Dec 31 19:00:00 COT 1969)... (kafka.log.LogCleaner)
[2022-11-16 08:59:27,867] INFO Cleaner 0: Cleaning LogSegment(baseOffset=0, size=8983, lastModifiedTime=1663938001534, largestRecordTimestamp=Some(1663938001533)) in log __consumer_offsets-7 into 0 with an upper bound deletion horizon 0 computed from the segment last modified time of 1663938001534,retaining deletes. (kafka.log.LogCleaner)
[2022-11-16 08:59:27,892] INFO Cleaner 0: Swapping in cleaned segment LogSegment(baseOffset=0, size=1834, lastModifiedTime=1663938001534, largestRecordTimestamp=Some(1663938001533)) for segment(s) List(LogSegment(baseOffset=0, size=8983, lastModifiedTime=1663938001534, largestRecordTimestamp=Some(1663938001533))) in log Log(dir=C:\kafka\kafkaPatron2\bin\windows\kafkakafkabroker1\__consumer_offsets-7, topicId=oimQ6k3qQHSxXwUkKG7NlQ, topic=__consumer_offsets, partition=7, highWatermark=44, lastStableOffset=44, logStartOffset=0, logEndOffset=44) (kafka.log.LogCleaner)
[2022-11-16 08:59:27,918] INFO Cleaner 0: Beginning cleaning of log __consumer_offsets-7 (kafka.log.LogCleaner)
[2022-11-16 08:59:27,919] INFO Cleaner 0: Building offset map for __consumer_offsets-7... (kafka.log.LogCleaner)
[2022-11-16 09:00:41,774] INFO Starting the log cleaner (kafka.log.LogCleaner)
[2022-11-16 09:00:41,859] INFO [kafka-log-cleaner-thread-0]: Starting (kafka.log.LogCleaner)
[2022-11-16 09:00:56,904] INFO Cleaner 0: Beginning cleaning of log __consumer_offsets-7 (kafka.log.LogCleaner)
[2022-11-16 09:00:56,904] INFO Cleaner 0: Building offset map for __consumer_offsets-7... (kafka.log.LogCleaner)
[2022-11-16 09:00:56,938] INFO Cleaner 0: Building offset map for log __consumer_offsets-7 for 1 segments in offset range [0, 43). (kafka.log.LogCleaner)
[2022-11-16 09:00:56,956] INFO Cleaner 0: Offset map for log __consumer_offsets-7 complete. (kafka.log.LogCleaner)
[2022-11-16 09:00:56,957] INFO Cleaner 0: Cleaning log __consumer_offsets-7 (cleaning prior to Fri Sep 23 08:00:01 COT 2022, discarding tombstones prior to upper bound deletion horizon Wed Dec 31 19:00:00 COT 1969)... (kafka.log.LogCleaner)
[2022-11-16 09:00:56,963] INFO Cleaner 0: Cleaning LogSegment(baseOffset=0, size=8983, lastModifiedTime=1663938001534, largestRecordTimestamp=Some(1663938001533)) in log __consumer_offsets-7 into 0 with an upper bound deletion horizon 0 computed from the segment last modified time of 1663938001534,retaining deletes. (kafka.log.LogCleaner)
[2022-11-16 09:00:56,994] INFO Cleaner 0: Swapping in cleaned segment LogSegment(baseOffset=0, size=1834, lastModifiedTime=1663938001534, largestRecordTimestamp=Some(1663938001533)) for segment(s) List(LogSegment(baseOffset=0, size=8983, lastModifiedTime=1663938001534, largestRecordTimestamp=Some(1663938001533))) in log Log(dir=C:\kafka\kafkaPatron2\bin\windows\kafkakafkabroker1\__consumer_offsets-7, topicId=oimQ6k3qQHSxXwUkKG7NlQ, topic=__consumer_offsets, partition=7, highWatermark=45, lastStableOffset=45, logStartOffset=0, logEndOffset=45) (kafka.log.LogCleaner)
[2022-11-16 09:00:57,024] INFO Cleaner 0: Beginning cleaning of log __consumer_offsets-7 (kafka.log.LogCleaner)
[2022-11-16 09:00:57,025] INFO Cleaner 0: Building offset map for __consumer_offsets-7... (kafka.log.LogCleaner)
[2022-11-16 09:03:08,552] INFO Starting the log cleaner (kafka.log.LogCleaner)
[2022-11-16 09:03:08,645] INFO [kafka-log-cleaner-thread-0]: Starting (kafka.log.LogCleaner)
[2022-11-16 09:03:23,705] INFO Cleaner 0: Beginning cleaning of log __consumer_offsets-7 (kafka.log.LogCleaner)
[2022-11-16 09:03:23,705] INFO Cleaner 0: Building offset map for __consumer_offsets-7... (kafka.log.LogCleaner)
[2022-11-16 09:03:23,732] INFO Cleaner 0: Building offset map for log __consumer_offsets-7 for 1 segments in offset range [0, 43). (kafka.log.LogCleaner)
[2022-11-16 09:03:23,748] INFO Cleaner 0: Offset map for log __consumer_offsets-7 complete. (kafka.log.LogCleaner)
[2022-11-16 09:03:23,749] INFO Cleaner 0: Cleaning log __consumer_offsets-7 (cleaning prior to Fri Sep 23 08:00:01 COT 2022, discarding tombstones prior to upper bound deletion horizon Wed Dec 31 19:00:00 COT 1969)... (kafka.log.LogCleaner)
[2022-11-16 09:03:23,754] INFO Cleaner 0: Cleaning LogSegment(baseOffset=0, size=8983, lastModifiedTime=1663938001534, largestRecordTimestamp=Some(1663938001533)) in log __consumer_offsets-7 into 0 with an upper bound deletion horizon 0 computed from the segment last modified time of 1663938001534,retaining deletes. (kafka.log.LogCleaner)
[2022-11-16 09:03:23,786] INFO Cleaner 0: Swapping in cleaned segment LogSegment(baseOffset=0, size=1834, lastModifiedTime=1663938001534, largestRecordTimestamp=Some(1663938001533)) for segment(s) List(LogSegment(baseOffset=0, size=8983, lastModifiedTime=1663938001534, largestRecordTimestamp=Some(1663938001533))) in log Log(dir=C:\kafka\kafkaPatron2\bin\windows\kafkakafkabroker1\__consumer_offsets-7, topicId=oimQ6k3qQHSxXwUkKG7NlQ, topic=__consumer_offsets, partition=7, highWatermark=45, lastStableOffset=45, logStartOffset=0, logEndOffset=45) (kafka.log.LogCleaner)
[2022-11-16 09:03:23,819] INFO Cleaner 0: Beginning cleaning of log __consumer_offsets-7 (kafka.log.LogCleaner)
[2022-11-16 09:03:23,820] INFO Cleaner 0: Building offset map for __consumer_offsets-7... (kafka.log.LogCleaner)
[2022-11-16 09:16:32,393] INFO Starting the log cleaner (kafka.log.LogCleaner)
[2022-11-16 09:16:32,459] INFO [kafka-log-cleaner-thread-0]: Starting (kafka.log.LogCleaner)
[2022-11-17 10:36:41,230] INFO Starting the log cleaner (kafka.log.LogCleaner)
[2022-11-17 10:36:41,300] INFO [kafka-log-cleaner-thread-0]: Starting (kafka.log.LogCleaner)
[2022-11-17 10:36:42,020] INFO Shutting down the log cleaner. (kafka.log.LogCleaner)
[2022-11-17 10:36:42,020] INFO [kafka-log-cleaner-thread-0]: Shutting down (kafka.log.LogCleaner)
[2022-11-17 10:36:42,021] INFO [kafka-log-cleaner-thread-0]: Stopped (kafka.log.LogCleaner)
[2022-11-17 10:36:42,021] INFO [kafka-log-cleaner-thread-0]: Shutdown completed (kafka.log.LogCleaner)
[2022-11-17 10:36:50,665] INFO Starting the log cleaner (kafka.log.LogCleaner)
[2022-11-17 10:36:50,726] INFO [kafka-log-cleaner-thread-0]: Starting (kafka.log.LogCleaner)
[2022-11-17 10:36:51,270] INFO Shutting down the log cleaner. (kafka.log.LogCleaner)
[2022-11-17 10:36:51,270] INFO [kafka-log-cleaner-thread-0]: Shutting down (kafka.log.LogCleaner)
[2022-11-17 10:36:51,272] INFO [kafka-log-cleaner-thread-0]: Stopped (kafka.log.LogCleaner)
[2022-11-17 10:36:51,272] INFO [kafka-log-cleaner-thread-0]: Shutdown completed (kafka.log.LogCleaner)
[2022-11-17 10:36:56,920] INFO Starting the log cleaner (kafka.log.LogCleaner)
[2022-11-17 10:36:56,986] INFO [kafka-log-cleaner-thread-0]: Starting (kafka.log.LogCleaner)
[2022-11-17 11:55:04,171] INFO Shutting down the log cleaner. (kafka.log.LogCleaner)
[2022-11-17 11:55:04,173] INFO [kafka-log-cleaner-thread-0]: Shutting down (kafka.log.LogCleaner)
[2022-11-17 11:55:04,174] INFO [kafka-log-cleaner-thread-0]: Stopped (kafka.log.LogCleaner)
[2022-11-17 11:55:04,174] INFO [kafka-log-cleaner-thread-0]: Shutdown completed (kafka.log.LogCleaner)
[2022-11-17 11:56:09,487] INFO Starting the log cleaner (kafka.log.LogCleaner)
[2022-11-17 11:56:09,591] INFO [kafka-log-cleaner-thread-0]: Starting (kafka.log.LogCleaner)
[2022-11-18 08:51:43,373] INFO Starting the log cleaner (kafka.log.LogCleaner)
[2022-11-18 08:51:43,449] INFO [kafka-log-cleaner-thread-0]: Starting (kafka.log.LogCleaner)
